[TRACE] 00:35:45:306 Elestac-KERNEL/(16516:16516): Iniciando el sistema
[WARNING] 00:44:00:531 Elestac-KERNEL/(16639:16639): NO me estoy conectando a la UMC (fake connection)
[WARNING] 01:10:48:394 Elestac-KERNEL/(17428:17428): NO me estoy conectando a la UMC (fake connection)
[ERROR] 01:10:48:394 Elestac-KERNEL/(17428:17428): Error while creating the CONSOLE server.
[ERROR] 04:12:52:423 Elestac-KERNEL/(20762:20762): Error while creating the CONSOLE server.
[ERROR] 04:13:04:722 Elestac-KERNEL/(20789:20789): Error while creating the CONSOLE server.
[ERROR] 04:13:12:558 Elestac-KERNEL/(20820:20820): Error while creating the CONSOLE server.
[ERROR] 04:37:19:630 Elestac-KERNEL/(21465:21465): Error while creating the CONSOLE server.
[ERROR] 04:56:04:288 Elestac-KERNEL/(22011:22011): Error while creating the CONSOLE server.
[ERROR] 04:59:02:272 Elestac-KERNEL/(22128:22128): Error while creating the CONSOLE server.
[ERROR] 05:02:05:344 Elestac-KERNEL/(22272:22272): Error while creating the CONSOLE server.
[ERROR] 05:02:24:607 Elestac-KERNEL/(22304:22304): Error while creating the CPU server.
[ERROR] 05:02:32:583 Elestac-KERNEL/(22330:22330): Error while creating the CPU server.
[ERROR] 05:07:15:129 Elestac-KERNEL/(22548:22548): Error while creating the CONSOLE server.
[ERROR] 05:17:17:739 Elestac-KERNEL/(22962:22962): Error while creating the CONSOLE server.
[ERROR] 05:22:14:939 Elestac-KERNEL/(23104:23104): Error while creating the CONSOLE server.
[ERROR] 02:07:30:377 Elestac-KERNEL/(24530:24530): Error while creating the CONSOLE server.
[ERROR] 02:40:18:744 Elestac-KERNEL/(30157:30157): Error while creating the CONSOLE server.
[ERROR] 02:40:33:985 Elestac-KERNEL/(30219:30219): Error while creating the CPU server.
[ERROR] 02:45:49:331 Elestac-KERNEL/(31208:31208): Error while creating the CONSOLE server.
[ERROR] 15:19:06:568 Elestac-KERNEL/(5076:5076): Config file was not provided.
[ERROR] 15:19:26:190 Elestac-KERNEL/(5134:5134): Config file was not provided.
[ERROR] 15:19:31:325 Elestac-KERNEL/(5144:5144): Config file was not provided.
[ERROR] 15:19:32:803 Elestac-KERNEL/(5145:5145): Config file was not provided.
[ERROR] 15:19:34:88 Elestac-KERNEL/(5155:5155): Config file was not provided.
[ERROR] 15:19:35:349 Elestac-KERNEL/(5156:5156): Config file was not provided.
[ERROR] 15:19:56:920 Elestac-KERNEL/(5211:5211): Config file was not provided.
[ERROR] 15:20:16:356 Elestac-KERNEL/(5256:5256): Config file was not provided.
[ERROR] 15:20:42:363 Elestac-KERNEL/(5320:5320): Config file was not provided.
[ERROR] 15:21:32:524 Elestac-KERNEL/(5443:5443): Config file was not provided.
[ERROR] 15:22:18:89 Elestac-KERNEL/(5548:5548): Config file was not provided.
[ERROR] 13:47:08:483 Elestac-KERNEL/(5032:5032): Config file was not provided.
[ERROR] 13:47:21:372 Elestac-KERNEL/(5033:5033): Config file was not provided.
[ERROR] 14:39:04:760 Elestac-KERNEL/(7063:7063): Could not connect to the UMC. Please, try again.
[INFO] 14:42:18:423 Elestac-KERNEL/(7414:7414): New CPU accepted with ID 6
[INFO] 14:45:54:486 Elestac-KERNEL/(7414:7414): New CPU accepted with ID 0
[INFO] 14:52:53:606 Elestac-KERNEL/(7677:7677): New CPU accepted with ID 6
[INFO] 14:53:08:333 Elestac-KERNEL/(7677:7677): New CPU accepted with ID 0
[ERROR] 14:55:28:611 Elestac-KERNEL/(7743:7743): Error while creating the CONSOLE server.
[INFO] 14:56:01:298 Elestac-KERNEL/(7779:7779): New CPU accepted with ID 0
[INFO] 14:56:05:904 Elestac-KERNEL/(7779:7779): New CPU accepted with ID 7
[INFO] 14:56:54:158 Elestac-KERNEL/(7823:7823): New CPU accepted with ID 0
[INFO] 14:57:02:577 Elestac-KERNEL/(7823:7823): New CPU accepted with ID 7
[ERROR] 15:05:47:749 Elestac-KERNEL/(7974:7974): Error while creating the CPU server.
[ERROR] 15:06:05:242 Elestac-KERNEL/(8005:8005): Error while creating the CPU server.
[ERROR] 15:06:28:265 Elestac-KERNEL/(8037:8037): Error while creating the CPU server.
[INFO] 15:14:03:461 Elestac-KERNEL/(8066:8066): New CPU accepted with ID 0
[INFO] 15:17:30:601 Elestac-KERNEL/(8601:8601): New CPU accepted with ID 0
[INFO] 15:19:05:734 Elestac-KERNEL/(8652:8652): New CPU accepted with ID 0
[INFO] 15:20:29:157 Elestac-KERNEL/(8718:8718): New CPU accepted with ID 0
[ERROR] 15:29:43:255 Elestac-KERNEL/(9005:9005): Error while creating the CONSOLE server.
[INFO] 15:40:49:952 Elestac-KERNEL/(9036:9036): New CPU accepted with ID 6
[INFO] 15:42:50:861 Elestac-KERNEL/(9598:9598): New CPU accepted with ID 7
[ERROR] 15:44:50:7 Elestac-KERNEL/(9723:9723): Error while creating the CONSOLE server.
[ERROR] 15:45:02:552 Elestac-KERNEL/(9751:9751): Error while creating the CONSOLE server.
[INFO] 15:53:11:731 Elestac-KERNEL/(10207:10207): New CPU accepted with ID 7
